-------------------------------------------------------------------------------
Test set: com.mycompany.impal.test.RegisterTest
-------------------------------------------------------------------------------
<<<<<<< HEAD
<<<<<<< HEAD
Tests run: 58, Failures: 0, Errors: 0, Skipped: 0, Time elapsed: 0.406 sec
=======
Tests run: 60, Failures: 0, Errors: 0, Skipped: 0, Time elapsed: 0 sec
>>>>>>> 690e67925e7b6ceaee7cf0b5954abced99646288
=======
Tests run: 60, Failures: 0, Errors: 0, Skipped: 0, Time elapsed: 0.22 sec
>>>>>>> e0cc2cdffd54de6f76a4a862f392a3cfbe6fb597
